<?xml version="1.0" encoding="UTF-8"?>
<!-- Generated by org.testng.reporters.JUnitReportReporter -->
<testsuite hostname="HCLLMDU0258" failures="0" tests="1" name="Test.TC_001_Test_005_SignUpTest_Invalid_Scenario3" time="6.907" errors="0" timestamp="2025-04-21T19:36:29 IST" skipped="0">
  <testcase classname="Test.TC_001_Test_005_SignUpTest_Invalid_Scenario3" name="signUpTestInvalid" time="6.907"/>
</testsuite> <!-- Test.TC_001_Test_005_SignUpTest_Invalid_Scenario3 -->
