<?xml version="1.0" encoding="UTF-8"?>
<!-- Generated by org.testng.reporters.JUnitReportReporter -->
<testsuite hostname="HCLLMDU0258" failures="0" tests="2" name="Test.TC_001_SignUpTest_Valid_Scenario" time="20.345" errors="0" timestamp="2025-04-14T22:55:59 IST" skipped="0">
  <testcase classname="Test.TC_001_SignUpTest_Valid_Scenario" name="signUpTest" time="7.960"/>
  <testcase classname="Test.TC_001_SignUpTest_Valid_Scenario" name="signUpTest" time="12.385"/>
</testsuite> <!-- Test.TC_001_SignUpTest_Valid_Scenario -->
