<?xml version="1.0" encoding="UTF-8"?>
<!-- Generated by org.testng.reporters.JUnitReportReporter -->
<testsuite hostname="HCLLMDU0258" failures="0" tests="1" name="Test.TC_002_Verify_Login_Option" time="4.562" errors="0" timestamp="2025-04-20T19:11:23 IST" skipped="0">
  <testcase classname="Test.TC_002_Verify_Login_Option" name="checkingLoginMenuIsAvailable" time="4.562"/>
</testsuite> <!-- Test.TC_002_Verify_Login_Option -->
