<?xml version="1.0" encoding="UTF-8"?>
<!-- Generated by org.testng.reporters.JUnitReportReporter -->
<testsuite hostname="HCLLMDU0258" failures="0" tests="1" name="Test.TC_001_Menu_Check" time="4.955" errors="0" timestamp="2025-04-20T19:02:03 IST" skipped="0">
  <testcase classname="Test.TC_001_Menu_Check" name="checkingMenu" time="4.955"/>
</testsuite> <!-- Test.TC_001_Menu_Check -->
