<?xml version="1.0" encoding="UTF-8"?>
<!-- Generated by org.testng.reporters.JUnitReportReporter -->
<testsuite hostname="HCLLMDU0258" failures="0" tests="1" name="Test.TC_001_Test_SignUp_Heading" time="10.276" errors="0" timestamp="2025-04-15T13:37:36 IST" skipped="0">
  <testcase classname="Test.TC_001_Test_SignUp_Heading" name="checkingSignUpPopUpHeading" time="10.276"/>
</testsuite> <!-- Test.TC_001_Test_SignUp_Heading -->
