<?xml version="1.0" encoding="UTF-8"?>
<!-- Generated by org.testng.reporters.JUnitReportReporter -->
<testsuite hostname="HCLLMDU0258" failures="0" tests="1" name="Test.TC_002_Test_007_Login_with_Invalid_credential1" time="10.014" errors="0" timestamp="2025-04-21T19:36:29 IST" skipped="0">
  <testcase classname="Test.TC_002_Test_007_Login_with_Invalid_credential1" name="LoginWithEmptyCredential" time="10.014"/>
</testsuite> <!-- Test.TC_002_Test_007_Login_with_Invalid_credential1 -->
