<?xml version="1.0" encoding="UTF-8"?>
<!-- Generated by org.testng.reporters.JUnitReportReporter -->
<testsuite hostname="HCLLMDU0258" failures="0" tests="1" name="Test.TC_002_Test_001_Verify_Login_Option" time="3.187" errors="0" timestamp="2025-04-21T19:36:29 IST" skipped="0">
  <testcase classname="Test.TC_002_Test_001_Verify_Login_Option" name="checkingLoginMenuIsAvailable" time="3.187"/>
</testsuite> <!-- Test.TC_002_Test_001_Verify_Login_Option -->
