<?xml version="1.0" encoding="UTF-8"?>
<!-- Generated by org.testng.reporters.JUnitReportReporter -->
<testsuite hostname="HCLLMDU0258" failures="0" tests="1" name="Test.TC_008_Place_order_with_purchase" time="27.683" errors="0" timestamp="2025-04-20T18:33:44 IST" skipped="0">
  <testcase classname="Test.TC_008_Place_order_with_purchase" name="PurchasingOrder" time="27.683"/>
</testsuite> <!-- Test.TC_008_Place_order_with_purchase -->
