<?xml version="1.0" encoding="UTF-8"?>
<!-- Generated by org.testng.reporters.JUnitReportReporter -->
<testsuite hostname="HCLLMDU0258" failures="0" tests="1" name="Test.TC_002_Login_with_Invalid_credential1" time="7.116" errors="0" timestamp="2025-04-15T16:09:13 IST" skipped="0">
  <testcase classname="Test.TC_002_Login_with_Invalid_credential1" name="LoginWithEmptyCredential" time="7.116"/>
</testsuite> <!-- Test.TC_002_Login_with_Invalid_credential1 -->
