<?xml version="1.0" encoding="UTF-8"?>
<!-- Generated by org.testng.reporters.JUnitReportReporter -->
<testsuite hostname="HCLLMDU0258" failures="0" tests="3" name="Test.Tc_002_SignUpTest_Invalid_Scenario" time="23.976" errors="0" timestamp="2025-04-14T13:43:42 IST" skipped="0">
  <testcase classname="Test.Tc_002_SignUpTest_Invalid_Scenario" name="signUpTestInvalid3" time="7.434"/>
  <testcase classname="Test.Tc_002_SignUpTest_Invalid_Scenario" name="signUpTestInvalid1" time="8.138"/>
  <testcase classname="Test.Tc_002_SignUpTest_Invalid_Scenario" name="signUpTestInvalid2" time="8.404"/>
</testsuite> <!-- Test.Tc_002_SignUpTest_Invalid_Scenario -->
