<?xml version="1.0" encoding="UTF-8"?>
<!-- Generated by org.testng.reporters.JUnitReportReporter -->
<testsuite hostname="HCLLMDU0258" failures="0" tests="1" name="Test.TC_002_Login_with_valid_Credentials" time="8.246" errors="0" timestamp="2025-04-16T10:54:44 IST" skipped="0">
  <testcase classname="Test.TC_002_Login_with_valid_Credentials" name="LoginWithValidCredentials" time="8.246"/>
</testsuite> <!-- Test.TC_002_Login_with_valid_Credentials -->
