<?xml version="1.0" encoding="UTF-8"?>
<!-- Generated by org.testng.reporters.JUnitReportReporter -->
<testsuite hostname="HCLLMDU0258" failures="0" tests="1" name="Test.TC_002_Verify_Login_Pop_up_Heading" time="9.418" errors="0" timestamp="2025-04-15T15:58:23 IST" skipped="0">
  <testcase classname="Test.TC_002_Verify_Login_Pop_up_Heading" name="checkingLoginPopUpHeading" time="9.418"/>
</testsuite> <!-- Test.TC_002_Verify_Login_Pop_up_Heading -->
