<?xml version="1.0" encoding="UTF-8"?>
<!-- Generated by org.testng.reporters.JUnitReportReporter -->
<testsuite hostname="HCLLMDU0258" failures="0" tests="1" name="Test.TC_002_Login_with_Invalid_credentials" time="8.594" errors="0" timestamp="2025-04-16T10:55:13 IST" skipped="0">
  <testcase classname="Test.TC_002_Login_with_Invalid_credentials" name="LoginWithInValidcredentials" time="8.594"/>
</testsuite> <!-- Test.TC_002_Login_with_Invalid_credentials -->
