<?xml version="1.0" encoding="UTF-8"?>
<!-- Generated by org.testng.reporters.JUnitReportReporter -->
<testsuite hostname="HCLLMDU0258" failures="0" tests="1" name="Test.TC_003_Test_003_Category_check" time="3.599" errors="0" timestamp="2025-04-21T19:36:29 IST" skipped="0">
  <testcase classname="Test.TC_003_Test_003_Category_check" name="checingCategoryOptions" time="3.599"/>
</testsuite> <!-- Test.TC_003_Test_003_Category_check -->
