<?xml version="1.0" encoding="UTF-8"?>
<!-- Generated by org.testng.reporters.JUnitReportReporter -->
<testsuite hostname="HCLLMDU0258" failures="0" tests="1" name="Test.TC_007_InCart_product_check" time="69.607" errors="0" timestamp="2025-04-20T20:29:17 IST" skipped="0">
  <testcase classname="Test.TC_007_InCart_product_check" name="checkingProductAddedInCart" time="69.607"/>
</testsuite> <!-- Test.TC_007_InCart_product_check -->
