<?xml version="1.0" encoding="UTF-8"?>
<!-- Generated by org.testng.reporters.JUnitReportReporter -->
<testsuite hostname="HCLLMDU0258" failures="0" tests="1" name="Test.TC_003_Test_001_Logo_check" time="3.591" errors="0" timestamp="2025-04-21T19:36:29 IST" skipped="0">
  <testcase classname="Test.TC_003_Test_001_Logo_check" name="checkingLogo" time="3.591"/>
</testsuite> <!-- Test.TC_003_Test_001_Logo_check -->
