<?xml version="1.0" encoding="UTF-8"?>
<!-- Generated by org.testng.reporters.JUnitReportReporter -->
<testsuite hostname="HCLLMDU0258" failures="0" tests="3" name="Test.TC_001_SignUpTest" time="23.632" errors="0" timestamp="2025-04-14T13:32:06 IST" skipped="0">
  <testcase classname="Test.TC_001_SignUpTest" name="signUpTestInvalid" time="7.132"/>
  <testcase classname="Test.TC_001_SignUpTest" name="signUpTest" time="8.021"/>
  <testcase classname="Test.TC_001_SignUpTest" name="signUpTest" time="8.479"/>
</testsuite> <!-- Test.TC_001_SignUpTest -->
