<?xml version="1.0" encoding="UTF-8"?>
<!-- Generated by org.testng.reporters.JUnitReportReporter -->
<testsuite hostname="HCLLMDU0258" failures="0" tests="2" name="Test.TC_001_Test_006_SignUpTest_Valid_Scenario" time="13.519" errors="0" timestamp="2025-04-21T19:36:29 IST" skipped="0">
  <testcase classname="Test.TC_001_Test_006_SignUpTest_Valid_Scenario" name="signUpTest" time="6.589"/>
  <testcase classname="Test.TC_001_Test_006_SignUpTest_Valid_Scenario" name="signUpTest" time="6.930"/>
</testsuite> <!-- Test.TC_001_Test_006_SignUpTest_Valid_Scenario -->
