<?xml version="1.0" encoding="UTF-8"?>
<!-- Generated by org.testng.reporters.JUnitReportReporter -->
<testsuite hostname="HCLLMDU0258" failures="0" tests="1" name="Test.TC_006_Test_001_Place_order_with_purchase" time="55.320" errors="0" timestamp="2025-04-21T19:36:29 IST" skipped="0">
  <testcase classname="Test.TC_006_Test_001_Place_order_with_purchase" name="PurchasingOrder" time="55.320"/>
</testsuite> <!-- Test.TC_006_Test_001_Place_order_with_purchase -->
