<?xml version="1.0" encoding="UTF-8"?>
<!-- Generated by org.testng.reporters.JUnitReportReporter -->
<testsuite hostname="HCLLMDU0258" failures="0" tests="1" name="Test.TC_006_addingMonitorProductInCart" time="33.462" errors="0" timestamp="2025-04-20T19:20:59 IST" skipped="0">
  <testcase classname="Test.TC_006_addingMonitorProductInCart" name="addingMonitorProductInCart" time="33.462"/>
</testsuite> <!-- Test.TC_006_addingMonitorProductInCart -->
