<?xml version="1.0" encoding="UTF-8"?>
<!-- Generated by org.testng.reporters.JUnitReportReporter -->
<testsuite hostname="HCLLMDU0258" failures="0" tests="1" name="Test.TC_001_Test_SignUp_Option" time="4.715" errors="0" timestamp="2025-04-20T20:29:17 IST" skipped="0">
  <testcase classname="Test.TC_001_Test_SignUp_Option" name="checkingSignUpMenuAvailability" time="4.715"/>
</testsuite> <!-- Test.TC_001_Test_SignUp_Option -->
