<?xml version="1.0" encoding="UTF-8"?>
<!-- Generated by org.testng.reporters.JUnitReportReporter -->
<testsuite hostname="HCLLMDU0258" failures="0" tests="1" name="Test.Tc_002_SignUpTest_Invalid_Scenario1" time="7.606" errors="0" timestamp="2025-04-15T21:08:57 IST" skipped="0">
  <testcase classname="Test.Tc_002_SignUpTest_Invalid_Scenario1" name="signUpTestInvalid" time="7.606"/>
</testsuite> <!-- Test.Tc_002_SignUpTest_Invalid_Scenario1 -->
