<?xml version="1.0" encoding="UTF-8"?>
<!-- Generated by org.testng.reporters.JUnitReportReporter -->
<testsuite hostname="HCLLMDU0258" failures="0" tests="2" name="Test.TC_005_Product_Monitor_details_check" time="42.836" errors="0" timestamp="2025-04-18T11:43:57 IST" skipped="0">
  <testcase classname="Test.TC_005_Product_Monitor_details_check" name="checkingMonitorProductDetails" time="18.773"/>
  <testcase classname="Test.TC_005_Product_Monitor_details_check" name="checkingMonitorProductDetails" time="24.063"/>
</testsuite> <!-- Test.TC_005_Product_Monitor_details_check -->
