<?xml version="1.0" encoding="UTF-8"?>
<!-- Generated by org.testng.reporters.JUnitReportReporter -->
<testsuite hostname="HCLLMDU0258" failures="0" tests="1" name="Test.TC_005_Product_details_check" time="10.719" errors="0" timestamp="2025-04-16T15:41:36 IST" skipped="0">
  <testcase classname="Test.TC_005_Product_details_check" name="checkingProductDetails" time="10.719"/>
</testsuite> <!-- Test.TC_005_Product_details_check -->
