<?xml version="1.0" encoding="UTF-8"?>
<!-- Generated by org.testng.reporters.JUnitReportReporter -->
<testsuite hostname="HCLLMDU0258" failures="0" tests="1" name="Test.TC_002_Test_004_Login_with_Invalid_credentials_as_username_as_empty" time="10.184" errors="0" timestamp="2025-04-21T19:36:29 IST" skipped="0">
  <testcase classname="Test.TC_002_Test_004_Login_with_Invalid_credentials_as_username_as_empty" name="LoginWithEmptyCredential" time="10.184"/>
</testsuite> <!-- Test.TC_002_Test_004_Login_with_Invalid_credentials_as_username_as_empty -->
