<?xml version="1.0" encoding="UTF-8"?>
<!-- Generated by org.testng.reporters.JUnitReportReporter -->
<testsuite hostname="HCLLMDU0258" failures="0" tests="1" name="Test.TC_001_Logo_check" time="6.651" errors="0" timestamp="2025-04-16T11:38:39 IST" skipped="0">
  <testcase classname="Test.TC_001_Logo_check" name="checkingLogo" time="6.651"/>
</testsuite> <!-- Test.TC_001_Logo_check -->
