<?xml version="1.0" encoding="UTF-8"?>
<!-- Generated by org.testng.reporters.JUnitReportReporter -->
<testsuite hostname="HCLLMDU0258" failures="0" tests="1" name="Test.TC_005_Test_001_Adding_Product_In_Cart_delete_cart_and_check_total" time="79.722" errors="0" timestamp="2025-04-21T19:36:29 IST" skipped="0">
  <testcase classname="Test.TC_005_Test_001_Adding_Product_In_Cart_delete_cart_and_check_total" name="checkingProductAddedInCart" time="79.722"/>
</testsuite> <!-- Test.TC_005_Test_001_Adding_Product_In_Cart_delete_cart_and_check_total -->
