<?xml version="1.0" encoding="UTF-8"?>
<!-- Generated by org.testng.reporters.JUnitReportReporter -->
<testsuite hostname="HCLLMDU0258" failures="0" tests="1" name="Test.TC_009_Verify_logout" time="16.437" errors="0" timestamp="2025-04-20T18:53:16 IST" skipped="0">
  <testcase classname="Test.TC_009_Verify_logout" name="checkingLogout" time="16.437"/>
</testsuite> <!-- Test.TC_009_Verify_logout -->
