<?xml version="1.0" encoding="UTF-8"?>
<!-- Generated by org.testng.reporters.JUnitReportReporter -->
<testsuite hostname="HCLLMDU0258" failures="0" tests="1" name="Test.TC_001_Test_002_SignUp_Heading" time="8.582" errors="0" timestamp="2025-04-21T19:36:29 IST" skipped="0">
  <testcase classname="Test.TC_001_Test_002_SignUp_Heading" name="checkingSignUpPopUpHeading" time="8.582"/>
</testsuite> <!-- Test.TC_001_Test_002_SignUp_Heading -->
