<?xml version="1.0" encoding="UTF-8"?>
<!-- Generated by org.testng.reporters.JUnitReportReporter -->
<testsuite hostname="HCLLMDU0258" failures="0" tests="1" name="Test.TC_002_Test_006_Login_with_valid_Credentials" time="10.193" errors="0" timestamp="2025-04-21T19:36:29 IST" skipped="0">
  <testcase classname="Test.TC_002_Test_006_Login_with_valid_Credentials" name="LoginWithValidCredentials" time="10.193"/>
</testsuite> <!-- Test.TC_002_Test_006_Login_with_valid_Credentials -->
