<?xml version="1.0" encoding="UTF-8"?>
<!-- Generated by org.testng.reporters.JUnitReportReporter -->
<testsuite hostname="HCLLMDU0258" failures="0" tests="1" name="Test.TC_004_Test_003_Product_Monitor_details_check" time="16.724" errors="0" timestamp="2025-04-21T19:36:29 IST" skipped="0">
  <testcase classname="Test.TC_004_Test_003_Product_Monitor_details_check" name="checkingMonitorProductDetails" time="16.724"/>
</testsuite> <!-- Test.TC_004_Test_003_Product_Monitor_details_check -->
