<?xml version="1.0" encoding="UTF-8"?>
<!-- Generated by org.testng.reporters.JUnitReportReporter -->
<testsuite hostname="HCLLMDU0258" failures="0" tests="1" name="Test.TC_003_Test_002_Menu_Check" time="3.708" errors="0" timestamp="2025-04-21T19:36:29 IST" skipped="0">
  <testcase classname="Test.TC_003_Test_002_Menu_Check" name="checkingMenu" time="3.708"/>
</testsuite> <!-- Test.TC_003_Test_002_Menu_Check -->
