<?xml version="1.0" encoding="UTF-8"?>
<!-- Generated by org.testng.reporters.JUnitReportReporter -->
<testsuite hostname="HCLLMDU0258" failures="0" tests="1" name="Test.TC_007_Test_001_Verify_logout" time="16.149" errors="0" timestamp="2025-04-21T19:36:29 IST" skipped="0">
  <testcase classname="Test.TC_007_Test_001_Verify_logout" name="checkingLogout" time="16.149"/>
</testsuite> <!-- Test.TC_007_Test_001_Verify_logout -->
